<?xml version="1.0" encoding="UTF-8"?>
<testsuite name="com.jay.service.AccountServiceTest" tests="3" skipped="0" failures="0" errors="0" timestamp="2018-11-24T15:57:15" hostname="SATISH-PC" time="0.054">
  <properties/>
  <testcase name="testWithdraw" classname="com.jay.service.AccountServiceTest" time="0.027"/>
  <testcase name="testDeposit" classname="com.jay.service.AccountServiceTest" time="0.018"/>
  <testcase name="testTransfer" classname="com.jay.service.AccountServiceTest" time="0.006"/>
  <system-out><![CDATA[]]></system-out>
  <system-err><![CDATA[Nov 24, 2018 9:27:15 PM org.springframework.test.context.support.DefaultTestContextBootstrapper getDefaultTestExecutionListenerClassNames
INFO: Loaded default TestExecutionListener class names from location [META-INF/spring.factories]: [org.springframework.test.context.web.ServletTestExecutionListener, org.springframework.test.context.support.DirtiesContextBeforeModesTestExecutionListener, org.springframework.test.context.support.DependencyInjectionTestExecutionListener, org.springframework.test.context.support.DirtiesContextTestExecutionListener, org.springframework.test.context.transaction.TransactionalTestExecutionListener, org.springframework.test.context.jdbc.SqlScriptsTestExecutionListener]
Nov 24, 2018 9:27:15 PM org.springframework.test.context.support.DefaultTestContextBootstrapper instantiateListeners
INFO: Could not instantiate TestExecutionListener [org.springframework.test.context.web.ServletTestExecutionListener]. Specify custom listener classes or make the default listener classes (and their required dependencies) available. Offending class: [javax/servlet/ServletContext]
Nov 24, 2018 9:27:15 PM org.springframework.test.context.support.DefaultTestContextBootstrapper getTestExecutionListeners
INFO: Using TestExecutionListeners: [org.springframework.test.context.support.DirtiesContextBeforeModesTestExecutionListener@2e8d243c, org.springframework.test.context.support.DependencyInjectionTestExecutionListener@4d5ce6f, org.springframework.test.context.support.DirtiesContextTestExecutionListener@40bdb55, org.springframework.test.context.transaction.TransactionalTestExecutionListener@5b42a556, org.springframework.test.context.jdbc.SqlScriptsTestExecutionListener@1ca9c6c6]
Nov 24, 2018 9:27:15 PM org.springframework.test.context.transaction.TransactionContext startTransaction
INFO: Began transaction (1) for test context [DefaultTestContext@68d4fec8 testClass = AccountServiceTest, testInstance = com.jay.service.AccountServiceTest@776ee70b, testMethod = testWithdraw@AccountServiceTest, testException = [null], mergedContextConfiguration = [MergedContextConfiguration@36a5d58a testClass = AccountServiceTest, locations = '{}', classes = '{class com.jay.config.AppConfig}', contextInitializerClasses = '[]', activeProfiles = '{test}', propertySourceLocations = '{}', propertySourceProperties = '{}', contextLoader = 'org.springframework.test.context.support.DelegatingSmartContextLoader', parent = [null]]]; transaction manager [org.springframework.jdbc.datasource.DataSourceTransactionManager@3fb6577b]; rollback [true]
Nov 24, 2018 9:27:15 PM org.springframework.test.context.transaction.TransactionContext endTransaction
INFO: Rolled back transaction for test context [DefaultTestContext@68d4fec8 testClass = AccountServiceTest, testInstance = com.jay.service.AccountServiceTest@776ee70b, testMethod = testWithdraw@AccountServiceTest, testException = [null], mergedContextConfiguration = [MergedContextConfiguration@36a5d58a testClass = AccountServiceTest, locations = '{}', classes = '{class com.jay.config.AppConfig}', contextInitializerClasses = '[]', activeProfiles = '{test}', propertySourceLocations = '{}', propertySourceProperties = '{}', contextLoader = 'org.springframework.test.context.support.DelegatingSmartContextLoader', parent = [null]]].
Nov 24, 2018 9:27:15 PM org.springframework.test.context.transaction.TransactionContext startTransaction
INFO: Began transaction (1) for test context [DefaultTestContext@68d4fec8 testClass = AccountServiceTest, testInstance = com.jay.service.AccountServiceTest@6b9552ba, testMethod = testDeposit@AccountServiceTest, testException = [null], mergedContextConfiguration = [MergedContextConfiguration@36a5d58a testClass = AccountServiceTest, locations = '{}', classes = '{class com.jay.config.AppConfig}', contextInitializerClasses = '[]', activeProfiles = '{test}', propertySourceLocations = '{}', propertySourceProperties = '{}', contextLoader = 'org.springframework.test.context.support.DelegatingSmartContextLoader', parent = [null]]]; transaction manager [org.springframework.jdbc.datasource.DataSourceTransactionManager@3fb6577b]; rollback [true]
Nov 24, 2018 9:27:15 PM org.springframework.test.context.transaction.TransactionContext endTransaction
INFO: Rolled back transaction for test context [DefaultTestContext@68d4fec8 testClass = AccountServiceTest, testInstance = com.jay.service.AccountServiceTest@6b9552ba, testMethod = testDeposit@AccountServiceTest, testException = [null], mergedContextConfiguration = [MergedContextConfiguration@36a5d58a testClass = AccountServiceTest, locations = '{}', classes = '{class com.jay.config.AppConfig}', contextInitializerClasses = '[]', activeProfiles = '{test}', propertySourceLocations = '{}', propertySourceProperties = '{}', contextLoader = 'org.springframework.test.context.support.DelegatingSmartContextLoader', parent = [null]]].
Nov 24, 2018 9:27:15 PM org.springframework.test.context.transaction.TransactionContext startTransaction
INFO: Began transaction (1) for test context [DefaultTestContext@68d4fec8 testClass = AccountServiceTest, testInstance = com.jay.service.AccountServiceTest@4591cf52, testMethod = testTransfer@AccountServiceTest, testException = [null], mergedContextConfiguration = [MergedContextConfiguration@36a5d58a testClass = AccountServiceTest, locations = '{}', classes = '{class com.jay.config.AppConfig}', contextInitializerClasses = '[]', activeProfiles = '{test}', propertySourceLocations = '{}', propertySourceProperties = '{}', contextLoader = 'org.springframework.test.context.support.DelegatingSmartContextLoader', parent = [null]]]; transaction manager [org.springframework.jdbc.datasource.DataSourceTransactionManager@3fb6577b]; rollback [true]
Nov 24, 2018 9:27:15 PM org.springframework.test.context.transaction.TransactionContext endTransaction
INFO: Rolled back transaction for test context [DefaultTestContext@68d4fec8 testClass = AccountServiceTest, testInstance = com.jay.service.AccountServiceTest@4591cf52, testMethod = testTransfer@AccountServiceTest, testException = [null], mergedContextConfiguration = [MergedContextConfiguration@36a5d58a testClass = AccountServiceTest, locations = '{}', classes = '{class com.jay.config.AppConfig}', contextInitializerClasses = '[]', activeProfiles = '{test}', propertySourceLocations = '{}', propertySourceProperties = '{}', contextLoader = 'org.springframework.test.context.support.DelegatingSmartContextLoader', parent = [null]]].
]]></system-err>
</testsuite>
